<?xml version="1.0" encoding="UTF-8"?>
<!-- Generated by org.testng.reporters.JUnitReportReporter -->
<testsuite hostname="Hardik" failures="0" tests="1" name="com.testDotDash.TestCases.TC_CheckBoxes_3" time="8.489" errors="0" timestamp="2022-10-05T17:22:59 EDT" skipped="0">
  <testcase classname="com.testDotDash.TestCases.TC_CheckBoxes_3" name="CheckBoxesValidation" time="8.489"/>
  <system-out/>
</testsuite> <!-- com.testDotDash.TestCases.TC_CheckBoxes_3 -->
